<?xml version="1.0" encoding="UTF-8"?>
<!-- Generated by org.testng.reporters.JUnitReportReporter -->
<testsuite hostname="MLI-LAP-169" failures="0" tests="1" name="runners.PositiveTest" time="7.837" errors="0" timestamp="2022-09-01T12:24:37 IST" skipped="0">
  <testcase classname="runners.PositiveTest" name="runScenario" time="7.837"/>
  <system-out/>
</testsuite> <!-- runners.PositiveTest -->
